2019-05-15 08:32:20,808 INFO  [8] - Initialized Voice Handling Application
2019-05-15 08:32:27,608 INFO  [8] - Socket Connected
2019-05-15 08:32:27,616 INFO  [8] - Stream Connected
2019-05-15 08:32:27,745 DEBUG [8] - -- Agent State :agentNull
2019-05-15 08:32:27,897 INFO  [8] - Agent State : Aux
2019-05-15 08:32:27,897 DEBUG [8] - Code: 0
2019-05-15 08:32:27,897 DEBUG [8] - -- Agent State :agentNotReady
2019-05-15 08:32:27,897 INFO  [8] - Agent State : Aux
2019-05-15 08:32:27,897 DEBUG [8] - -- Reason: 0
2019-05-15 08:32:27,897 DEBUG [8] - -- Pending: 0
2019-05-15 08:44:51,538 INFO  [9] - Initialized Voice Handling Application
2019-05-15 08:44:53,141 INFO  [9] - Socket Connected
2019-05-15 08:44:53,150 INFO  [9] - Stream Connected
2019-05-15 08:44:53,279 INFO  [9] - Agent State : Aux
2019-05-15 08:44:53,279 DEBUG [9] - Code: 0
2019-05-15 08:44:53,283 DEBUG [9] - -- Agent State :agentNotReady
2019-05-15 08:44:53,283 INFO  [9] - Agent State : Aux
2019-05-15 08:44:53,283 DEBUG [9] - -- Reason: 0
2019-05-15 08:44:53,283 DEBUG [9] - -- Pending: 0
2019-05-15 08:44:53,335 INFO  [9] - Agent State : Aux
2019-05-15 08:44:53,335 DEBUG [9] - Code: 0
2019-05-15 08:51:10,359 INFO  [9] - Initialized Voice Handling Application
2019-05-15 08:51:11,685 INFO  [9] - Socket Connected
2019-05-15 08:51:11,693 INFO  [9] - Stream Connected
2019-05-15 08:51:11,801 INFO  [9] - Agent State : Aux
2019-05-15 08:51:11,801 DEBUG [9] - Code: 0
2019-05-15 08:51:11,805 DEBUG [9] - -- Agent State :agentNotReady
2019-05-15 08:51:11,806 INFO  [9] - Agent State : Aux
2019-05-15 08:51:11,806 DEBUG [9] - -- Reason: 0
2019-05-15 08:51:11,806 DEBUG [9] - -- Pending: 0
2019-05-15 08:51:11,821 INFO  [9] - Agent State : Aux
2019-05-15 08:51:11,821 DEBUG [9] - Code: 0
2019-05-15 08:51:20,222 DEBUG [9] - -- Agent State :agentReady
2019-05-15 08:51:20,223 INFO  [9] - Agent State : Avaiable
2019-05-15 08:51:20,223 DEBUG [9] - -- Reason: 0
2019-05-15 08:51:20,223 DEBUG [9] - -- Pending: 0
2019-05-15 08:51:20,268 DEBUG [9] - -- Agent State :agentReady
2019-05-15 08:51:20,268 INFO  [9] - Agent State : Avaiable
2019-05-15 08:51:20,268 DEBUG [9] - -- Reason: 0
2019-05-15 08:51:20,268 DEBUG [9] - -- Pending: 0
2019-05-15 08:55:03,040 INFO  [9] - Initialized Voice Handling Application
2019-05-15 08:55:08,903 INFO  [9] - Socket Connected
2019-05-15 08:55:08,907 INFO  [9] - Stream Connected
2019-05-15 08:55:09,037 DEBUG [9] - -- Agent State :agentReady
2019-05-15 08:55:09,037 INFO  [9] - Agent State : Avaiable
2019-05-15 08:55:09,037 DEBUG [9] - -- Reason: 0
2019-05-15 08:55:09,037 DEBUG [9] - -- Pending: 0
2019-05-15 08:55:17,612 INFO  [9] - Server Disconnected
2019-05-15 08:55:17,618 INFO  [9] - Exited AgentLoginApplication
2019-05-15 08:55:24,652 INFO  [9] - Initialized Voice Handling Application
2019-05-15 08:55:25,713 INFO  [9] - Socket Connected
2019-05-15 08:55:25,713 INFO  [9] - Socket Connected
2019-05-15 08:55:25,722 INFO  [9] - Stream Connected
2019-05-15 08:55:25,724 INFO  [9] - Stream Connected
2019-05-15 08:55:25,823 DEBUG [9] - -- Agent State :agentNull
2019-05-15 08:55:25,830 INFO  [9] - Agent State : Aux
2019-05-15 08:55:25,831 DEBUG [9] - Code: 0
2019-05-15 08:55:25,879 INFO  [9] - Agent State : Aux
2019-05-15 08:55:25,879 DEBUG [9] - Code: 0
2019-05-15 08:55:25,879 DEBUG [9] - -- Agent State :agentNotReady
2019-05-15 08:55:25,879 INFO  [9] - Agent State : Aux
2019-05-15 08:55:25,879 DEBUG [9] - -- Reason: 0
2019-05-15 08:55:25,879 DEBUG [9] - -- Pending: 0
2019-05-15 08:55:29,554 DEBUG [9] - -- Agent State :agentReady
2019-05-15 08:55:29,554 INFO  [9] - Agent State : Avaiable
2019-05-15 08:55:29,554 DEBUG [9] - -- Reason: 0
2019-05-15 08:55:29,554 DEBUG [9] - -- Pending: 0
2019-05-15 08:55:29,603 DEBUG [9] - -- Agent State :agentReady
2019-05-15 08:55:29,603 INFO  [9] - Agent State : Avaiable
2019-05-15 08:55:29,603 DEBUG [9] - -- Reason: 0
2019-05-15 08:55:29,603 DEBUG [9] - -- Pending: 0
2019-05-15 08:56:51,586 INFO  [9] - Server Disconnected
2019-05-15 08:56:51,597 INFO  [9] - Exited AgentLoginApplication
2019-05-15 09:16:22,639 INFO  [8] - Initialized Voice Handling Application
2019-05-15 09:16:23,999 INFO  [8] - Socket Connected
2019-05-15 09:16:24,013 INFO  [8] - Stream Connected
2019-05-15 09:16:24,126 DEBUG [8] - -- Agent State :agentNull
2019-05-15 09:16:24,222 INFO  [8] - Agent State : Aux
2019-05-15 09:16:24,222 DEBUG [8] - Code: 0
2019-05-15 09:16:24,223 DEBUG [8] - -- Agent State :agentNotReady
2019-05-15 09:16:24,223 INFO  [8] - Agent State : Aux
2019-05-15 09:16:24,223 DEBUG [8] - -- Reason: 0
2019-05-15 09:16:24,223 DEBUG [8] - -- Pending: 0
2019-05-15 09:17:19,133 INFO  [8] - Agent State : Aux
2019-05-15 09:17:19,133 DEBUG [8] - Code: 0
2019-05-15 09:17:19,134 DEBUG [8] - -- Agent State :agentNotReady
2019-05-15 09:17:19,134 INFO  [8] - Agent State : Aux
2019-05-15 09:17:19,134 DEBUG [8] - -- Reason: 0
2019-05-15 09:17:19,134 DEBUG [8] - -- Pending: 0
2019-05-15 09:17:46,761 DEBUG [8] - -- Agent State :agentReady
2019-05-15 09:17:46,761 INFO  [8] - Agent State : Avaiable
2019-05-15 09:17:46,761 DEBUG [8] - -- Reason: 0
2019-05-15 09:17:46,761 DEBUG [8] - -- Pending: 0
2019-05-15 09:25:43,194 INFO  [9] - Initialized Voice Handling Application
2019-05-15 09:25:44,789 INFO  [9] - Socket Connected
2019-05-15 09:25:44,793 INFO  [9] - Stream Connected
2019-05-15 09:25:44,898 DEBUG [9] - -- Agent State :agentNull
2019-05-15 09:25:44,948 INFO  [9] - Agent State : Aux
2019-05-15 09:25:44,948 DEBUG [9] - Code: 0
2019-05-15 09:25:44,949 DEBUG [9] - -- Agent State :agentNotReady
2019-05-15 09:25:44,949 INFO  [9] - Agent State : Aux
2019-05-15 09:25:44,949 DEBUG [9] - -- Reason: 0
2019-05-15 09:25:44,949 DEBUG [9] - -- Pending: 0
2019-05-15 09:25:46,546 DEBUG [9] - -- Agent State :agentReady
2019-05-15 09:25:46,546 INFO  [9] - Agent State : Avaiable
2019-05-15 09:25:46,546 DEBUG [9] - -- Reason: 0
2019-05-15 09:25:46,546 DEBUG [9] - -- Pending: 0
2019-05-15 09:25:46,587 DEBUG [9] - -- Agent State :agentReady
2019-05-15 09:25:46,587 INFO  [9] - Agent State : Avaiable
2019-05-15 09:25:46,587 DEBUG [9] - -- Reason: 0
2019-05-15 09:25:46,587 DEBUG [9] - -- Pending: 0
2019-05-15 09:28:05,515 INFO  [9] - Call Recieved from: 1010 to 1011
2019-05-15 09:29:35,111 INFO  [9] - Server Disconnected
2019-05-15 09:29:35,116 INFO  [9] - Exited AgentLoginApplication
2019-05-15 09:29:44,900 INFO  [9] - Exited Voice Handling Application.
2019-05-15 09:39:50,566 INFO  [9] - Initialized Voice Handling Application
2019-05-15 09:39:52,031 INFO  [9] - Socket Connected
2019-05-15 09:39:52,037 INFO  [9] - Stream Connected
2019-05-15 09:39:52,157 DEBUG [9] - -- Agent State :agentNull
2019-05-15 09:39:52,256 INFO  [9] - Agent State : Aux
2019-05-15 09:39:52,256 DEBUG [9] - Code: 0
2019-05-15 09:39:52,257 DEBUG [9] - -- Agent State :agentNotReady
2019-05-15 09:39:52,257 INFO  [9] - Agent State : Aux
2019-05-15 09:39:52,257 DEBUG [9] - -- Reason: 0
2019-05-15 09:39:52,257 DEBUG [9] - -- Pending: 0
2019-05-15 09:39:57,467 DEBUG [9] - -- Agent State :agentReady
2019-05-15 09:39:57,467 INFO  [9] - Agent State : Avaiable
2019-05-15 09:39:57,467 DEBUG [9] - -- Reason: 0
2019-05-15 09:39:57,467 DEBUG [9] - -- Pending: 0
2019-05-15 09:39:57,507 DEBUG [9] - -- Agent State :agentReady
2019-05-15 09:39:57,507 INFO  [9] - Agent State : Avaiable
2019-05-15 09:39:57,507 DEBUG [9] - -- Reason: 0
2019-05-15 09:39:57,507 DEBUG [9] - -- Pending: 0
2019-05-15 09:40:08,973 INFO  [9] - Call Recieved from: 1010 to 1011
2019-05-15 09:40:52,686 INFO  [9] - Server Disconnected
2019-05-15 09:40:52,692 INFO  [9] - Exited AgentLoginApplication
2019-05-15 10:17:52,768 INFO  [10] - Initialized Voice Handling Application
2019-05-15 10:17:53,861 INFO  [10] - Socket Connected
2019-05-15 10:17:53,867 INFO  [10] - Stream Connected
2019-05-15 10:17:54,004 DEBUG [10] - -- Agent State :agentNull
2019-05-15 10:17:54,155 INFO  [10] - Agent State : Aux
2019-05-15 10:17:54,155 DEBUG [10] - Code: 0
2019-05-15 10:17:54,156 DEBUG [10] - -- Agent State :agentNotReady
2019-05-15 10:17:54,156 INFO  [10] - Agent State : Aux
2019-05-15 10:17:54,156 DEBUG [10] - -- Reason: 0
2019-05-15 10:17:54,156 DEBUG [10] - -- Pending: 0
2019-05-15 10:17:57,932 DEBUG [10] - -- Agent State :agentReady
2019-05-15 10:17:57,932 INFO  [10] - Agent State : Avaiable
2019-05-15 10:17:57,932 DEBUG [10] - -- Reason: 0
2019-05-15 10:17:57,932 DEBUG [10] - -- Pending: 0
2019-05-15 10:17:57,980 DEBUG [10] - -- Agent State :agentReady
2019-05-15 10:17:57,980 INFO  [10] - Agent State : Avaiable
2019-05-15 10:17:57,980 DEBUG [10] - -- Reason: 0
2019-05-15 10:17:57,980 DEBUG [10] - -- Pending: 0
2019-05-15 10:18:15,349 INFO  [10] - Call Recieved from: 1010 to 1011
2019-05-15 10:19:54,780 INFO  [10] - Server Disconnected
2019-05-15 10:19:54,789 INFO  [10] - Exited AgentLoginApplication
2019-05-15 10:31:47,270 INFO  [10] - Initialized Voice Handling Application
2019-05-15 10:50:30,902 INFO  [9] - Initialized Voice Handling Application
2019-05-15 10:50:37,828 INFO  [9] - Socket Connected
2019-05-15 10:50:37,834 INFO  [9] - Stream Connected
2019-05-15 10:50:37,964 DEBUG [9] - -- Agent State :agentNull
2019-05-15 10:50:38,116 INFO  [9] - Agent State : Aux
2019-05-15 10:50:38,116 DEBUG [9] - Code: 0
2019-05-15 10:50:38,117 DEBUG [9] - -- Agent State :agentNotReady
2019-05-15 10:50:38,117 INFO  [9] - Agent State : Aux
2019-05-15 10:50:38,117 DEBUG [9] - -- Reason: 0
2019-05-15 10:50:38,117 DEBUG [9] - -- Pending: 0
2019-05-15 10:50:42,816 DEBUG [9] - -- Agent State :agentReady
2019-05-15 10:50:42,816 INFO  [9] - Agent State : Avaiable
2019-05-15 10:50:42,816 DEBUG [9] - -- Reason: 0
2019-05-15 10:50:42,816 DEBUG [9] - -- Pending: 0
2019-05-15 10:50:42,861 DEBUG [9] - -- Agent State :agentReady
2019-05-15 10:50:42,861 INFO  [9] - Agent State : Avaiable
2019-05-15 10:50:42,861 DEBUG [9] - -- Reason: 0
2019-05-15 10:50:42,861 DEBUG [9] - -- Pending: 0
2019-05-15 10:51:08,081 INFO  [9] - Call Recieved from: 1010 to 1011
2019-05-15 10:51:37,405 INFO  [9] - Having conversation between: 1010 and 1011
2019-05-15 10:52:29,953 INFO  [9] - Call Recieved from: 1010 to 1011
2019-05-15 10:52:53,743 INFO  [9] - Having conversation between: 1010 and 1011
2019-05-15 11:03:07,750 INFO  [9] - Exited Voice Handling Application.
2019-05-15 11:03:07,752 INFO  [9] - Server Disconnected
2019-05-15 11:03:07,754 INFO  [9] - Exited AgentLoginApplication
2019-05-15 11:05:25,337 INFO  [9] - Initialized Voice Handling Application
2019-05-15 11:05:26,498 INFO  [9] - Socket Connected
2019-05-15 11:05:26,501 INFO  [9] - Stream Connected
2019-05-15 11:05:26,615 DEBUG [9] - -- Agent State :agentNull
2019-05-15 11:05:26,714 INFO  [9] - Agent State : Aux
2019-05-15 11:05:26,714 DEBUG [9] - Code: 0
2019-05-15 11:05:26,715 DEBUG [9] - -- Agent State :agentNotReady
2019-05-15 11:05:26,715 INFO  [9] - Agent State : Aux
2019-05-15 11:05:26,715 DEBUG [9] - -- Reason: 0
2019-05-15 11:05:26,715 DEBUG [9] - -- Pending: 0
2019-05-15 11:05:29,918 DEBUG [9] - -- Agent State :agentReady
2019-05-15 11:05:29,918 INFO  [9] - Agent State : Avaiable
2019-05-15 11:05:29,918 DEBUG [9] - -- Reason: 0
2019-05-15 11:05:29,918 DEBUG [9] - -- Pending: 0
2019-05-15 11:05:30,082 DEBUG [9] - -- Agent State :agentReady
2019-05-15 11:05:30,082 INFO  [9] - Agent State : Avaiable
2019-05-15 11:05:30,082 DEBUG [9] - -- Reason: 0
2019-05-15 11:05:30,082 DEBUG [9] - -- Pending: 0
2019-05-15 11:05:57,319 DEBUG [9] - -- Agent State :agentNull
2019-05-15 11:06:01,722 INFO  [9] - Server Disconnected
2019-05-15 11:06:01,730 INFO  [9] - Exited AgentLoginApplication
2019-05-15 11:06:02,706 INFO  [9] - Initialized Voice Handling Application
2019-05-15 11:06:03,718 INFO  [9] - Socket Connected
2019-05-15 11:06:03,718 INFO  [9] - Socket Connected
2019-05-15 11:06:03,726 INFO  [9] - Stream Connected
2019-05-15 11:06:03,728 INFO  [9] - Stream Connected
2019-05-15 11:06:03,836 DEBUG [9] - -- Agent State :agentNull
2019-05-15 11:06:03,843 INFO  [9] - Agent State : Aux
2019-05-15 11:06:03,843 DEBUG [9] - Code: 0
2019-05-15 11:06:03,888 INFO  [9] - Agent State : Aux
2019-05-15 11:06:03,888 DEBUG [9] - Code: 0
2019-05-15 11:06:03,888 DEBUG [9] - -- Agent State :agentNotReady
2019-05-15 11:06:03,888 INFO  [9] - Agent State : Aux
2019-05-15 11:06:03,888 DEBUG [9] - -- Reason: 0
2019-05-15 11:06:03,888 DEBUG [9] - -- Pending: 0
2019-05-15 11:06:05,524 DEBUG [9] - -- Agent State :agentReady
2019-05-15 11:06:05,524 INFO  [9] - Agent State : Avaiable
2019-05-15 11:06:05,524 DEBUG [9] - -- Reason: 0
2019-05-15 11:06:05,524 DEBUG [9] - -- Pending: 0
2019-05-15 11:06:05,573 DEBUG [9] - -- Agent State :agentReady
2019-05-15 11:06:05,573 INFO  [9] - Agent State : Avaiable
2019-05-15 11:06:05,573 DEBUG [9] - -- Reason: 0
2019-05-15 11:06:05,573 DEBUG [9] - -- Pending: 0
2019-05-15 11:06:38,110 INFO  [9] - Call Recieved from: 1010 to 1011
2019-05-15 11:07:15,115 INFO  [9] - Having conversation between: 1010 and 1011
2019-05-15 11:08:18,422 DEBUG [9] - -- Agent State :agentReady
2019-05-15 11:08:23,298 INFO  [9] - Agent State : Avaiable
2019-05-15 11:08:25,139 DEBUG [9] - -- Reason: 0
2019-05-15 11:08:25,247 DEBUG [9] - -- Pending: 0
2019-05-15 13:57:22,062 INFO  [10] - Initialized Voice Handling Application
2019-05-15 13:57:23,915 INFO  [10] - Socket Connected
2019-05-15 13:57:23,921 INFO  [10] - Stream Connected
2019-05-15 13:57:24,052 DEBUG [10] - -- Agent State :agentNull
2019-05-15 13:57:24,202 INFO  [10] - Agent State : Aux
2019-05-15 13:57:24,202 DEBUG [10] - Code: 0
2019-05-15 13:57:24,203 DEBUG [10] - -- Agent State :agentNotReady
2019-05-15 13:57:24,203 INFO  [10] - Agent State : Aux
2019-05-15 13:57:24,203 DEBUG [10] - -- Reason: 0
2019-05-15 13:57:24,203 DEBUG [10] - -- Pending: 0
2019-05-15 13:57:30,734 DEBUG [10] - -- Agent State :agentReady
2019-05-15 13:57:30,734 INFO  [10] - Agent State : Avaiable
2019-05-15 13:57:30,734 DEBUG [10] - -- Reason: 0
2019-05-15 13:57:30,734 DEBUG [10] - -- Pending: 0
2019-05-15 13:57:30,783 DEBUG [10] - -- Agent State :agentReady
2019-05-15 13:57:30,783 INFO  [10] - Agent State : Avaiable
2019-05-15 13:57:30,783 DEBUG [10] - -- Reason: 0
2019-05-15 13:57:30,783 DEBUG [10] - -- Pending: 0
2019-05-15 13:59:45,619 INFO  [10] - Having conversation between: 1011 and 1010
2019-05-15 14:00:31,096 DEBUG [10] - -- Agent State :agentReady
2019-05-15 14:00:35,667 INFO  [10] - Agent State : Avaiable
2019-05-15 14:00:36,646 DEBUG [10] - -- Reason: 0
2019-05-15 14:00:37,631 DEBUG [10] - -- Pending: 0
2019-05-15 14:01:12,086 INFO  [10] - Server Disconnected
2019-05-15 14:01:12,106 INFO  [10] - Exited AgentLoginApplication
2019-05-15 14:09:25,616 INFO  [9] - Initialized Voice Handling Application
2019-05-15 14:09:26,773 INFO  [9] - Socket Connected
2019-05-15 14:09:26,778 INFO  [9] - Stream Connected
2019-05-15 14:09:26,905 DEBUG [9] - -- Agent State :agentNull
2019-05-15 14:09:27,059 INFO  [9] - Agent State : Aux
2019-05-15 14:09:27,059 DEBUG [9] - Code: 0
2019-05-15 14:09:27,060 DEBUG [9] - -- Agent State :agentNotReady
2019-05-15 14:09:27,060 INFO  [9] - Agent State : Aux
2019-05-15 14:09:27,060 DEBUG [9] - -- Reason: 0
2019-05-15 14:09:27,060 DEBUG [9] - -- Pending: 0
2019-05-15 14:09:29,209 DEBUG [9] - -- Agent State :agentReady
2019-05-15 14:09:29,209 INFO  [9] - Agent State : Avaiable
2019-05-15 14:09:29,209 DEBUG [9] - -- Reason: 0
2019-05-15 14:09:29,209 DEBUG [9] - -- Pending: 0
2019-05-15 14:09:29,257 DEBUG [9] - -- Agent State :agentReady
2019-05-15 14:09:29,257 INFO  [9] - Agent State : Avaiable
2019-05-15 14:09:29,257 DEBUG [9] - -- Reason: 0
2019-05-15 14:09:29,257 DEBUG [9] - -- Pending: 0
2019-05-15 14:10:28,375 INFO  [9] - --Is connecting with: 
2019-05-15 14:10:56,638 INFO  [9] - --Is connecting with: 1010
2019-05-15 14:10:59,645 INFO  [9] - --Is connecting with: 1010
2019-05-15 14:11:02,048 INFO  [9] - --Having conversation between: 1011 and 1010
2019-05-15 14:11:21,230 INFO  [9] - --End conversation between: 1011 and 1010
2019-05-15 14:11:21,361 DEBUG [9] - -- Agent State :agentReady
2019-05-15 14:11:21,361 INFO  [9] - Agent State : Avaiable
2019-05-15 14:11:21,361 DEBUG [9] - -- Reason: 0
2019-05-15 14:11:21,361 DEBUG [9] - -- Pending: 0
2019-05-15 14:11:25,417 INFO  [9] - Server Disconnected
2019-05-15 14:11:25,426 INFO  [9] - Exited AgentLoginApplication
2019-05-15 14:12:58,613 INFO  [9] - Initialized Voice Handling Application
2019-05-15 14:12:59,806 INFO  [9] - Socket Connected
2019-05-15 14:12:59,809 INFO  [9] - Stream Connected
2019-05-15 14:13:00,114 DEBUG [9] - -- Agent State :agentNull
2019-05-15 14:13:00,423 INFO  [9] - Agent State : Aux
2019-05-15 14:13:00,424 DEBUG [9] - Code: 0
2019-05-15 14:13:00,424 DEBUG [9] - -- Agent State :agentNotReady
2019-05-15 14:13:00,424 INFO  [9] - Agent State : Aux
2019-05-15 14:13:00,425 DEBUG [9] - -- Reason: 0
2019-05-15 14:13:00,425 DEBUG [9] - -- Pending: 0
2019-05-15 14:13:10,881 DEBUG [9] - -- Agent State :agentReady
2019-05-15 14:13:10,881 INFO  [9] - Agent State : Avaiable
2019-05-15 14:13:10,881 DEBUG [9] - -- Reason: 0
2019-05-15 14:13:10,881 DEBUG [9] - -- Pending: 0
2019-05-15 14:13:10,927 DEBUG [9] - -- Agent State :agentReady
2019-05-15 14:13:10,927 INFO  [9] - Agent State : Avaiable
2019-05-15 14:13:10,927 DEBUG [9] - -- Reason: 0
2019-05-15 14:13:10,927 DEBUG [9] - -- Pending: 0
2019-05-15 14:13:30,808 INFO  [9] - --Is connecting with: 
2019-05-15 14:13:42,559 INFO  [9] - --Is connecting with: 1010
2019-05-15 14:13:44,693 INFO  [9] - --Is connecting with: 1010
2019-05-15 14:14:18,925 INFO  [9] - --Having conversation between: 1011 and 1010
2019-05-15 14:14:31,526 INFO  [9] - --End conversation between: 1011 and 1010
2019-05-15 14:14:31,618 DEBUG [9] - -- Agent State :agentReady
2019-05-15 14:14:31,619 INFO  [9] - Agent State : Avaiable
2019-05-15 14:14:31,619 DEBUG [9] - -- Reason: 0
2019-05-15 14:14:31,619 DEBUG [9] - -- Pending: 0
2019-05-15 14:14:35,883 INFO  [9] - Server Disconnected
2019-05-15 14:14:35,893 INFO  [9] - Exited AgentLoginApplication
2019-05-15 14:15:37,135 INFO  [9] - Exited Voice Handling Application.
2019-05-15 14:34:27,061 INFO  [9] - Initialized Voice Handling Application
2019-05-15 14:34:28,965 INFO  [9] - Socket Connected
2019-05-15 14:34:28,975 INFO  [9] - Stream Connected
2019-05-15 14:34:29,107 DEBUG [9] - -- Agent State :agentNull
2019-05-15 14:34:29,265 INFO  [9] - Agent State : Aux
2019-05-15 14:34:29,265 DEBUG [9] - Code: 0
2019-05-15 14:34:29,265 DEBUG [9] - -- Agent State :agentNotReady
2019-05-15 14:34:29,265 INFO  [9] - Agent State : Aux
2019-05-15 14:34:29,265 DEBUG [9] - -- Reason: 0
2019-05-15 14:34:29,265 DEBUG [9] - -- Pending: 0
2019-05-15 14:34:39,004 DEBUG [9] - -- Agent State :agentReady
2019-05-15 14:34:39,004 INFO  [9] - Agent State : Avaiable
2019-05-15 14:34:39,004 DEBUG [9] - -- Reason: 0
2019-05-15 14:34:39,004 DEBUG [9] - -- Pending: 0
2019-05-15 14:34:39,741 DEBUG [9] - -- Agent State :agentReady
2019-05-15 14:34:39,741 INFO  [9] - Agent State : Avaiable
2019-05-15 14:34:39,741 DEBUG [9] - -- Reason: 0
2019-05-15 14:34:39,741 DEBUG [9] - -- Pending: 0
2019-05-15 14:34:47,498 INFO  [9] - Server Disconnected
2019-05-15 14:34:47,505 INFO  [9] - Exited AgentLoginApplication
2019-05-15 14:46:53,641 INFO  [9] - Initialized Voice Handling Application
2019-05-15 14:46:55,251 INFO  [9] - Socket Connected
2019-05-15 14:46:55,255 INFO  [9] - Stream Connected
2019-05-15 14:46:55,354 DEBUG [9] - -- Agent State :agentNull
2019-05-15 14:46:55,501 INFO  [9] - Agent State : Aux
2019-05-15 14:46:55,501 DEBUG [9] - Code: 0
2019-05-15 14:46:55,501 DEBUG [9] - -- Agent State :agentNotReady
2019-05-15 14:46:55,501 INFO  [9] - Agent State : Aux
2019-05-15 14:46:55,501 DEBUG [9] - -- Reason: 0
2019-05-15 14:46:55,502 DEBUG [9] - -- Pending: 0
2019-05-15 14:46:57,749 DEBUG [9] - -- Agent State :agentReady
2019-05-15 14:46:57,749 INFO  [9] - Agent State : Avaiable
2019-05-15 14:46:57,749 DEBUG [9] - -- Reason: 0
2019-05-15 14:46:57,749 DEBUG [9] - -- Pending: 0
2019-05-15 14:46:57,797 DEBUG [9] - -- Agent State :agentReady
2019-05-15 14:46:57,797 INFO  [9] - Agent State : Avaiable
2019-05-15 14:46:57,797 DEBUG [9] - -- Reason: 0
2019-05-15 14:46:57,797 DEBUG [9] - -- Pending: 0
2019-05-15 14:47:51,026 INFO  [9] - --Is connecting with: 
2019-05-15 14:48:04,074 INFO  [9] - --Is connecting with: 1010
2019-05-15 14:48:12,075 INFO  [9] - --Is connecting with: 1010
2019-05-15 14:48:17,221 INFO  [9] - --Having conversation between: 1011 and 1010
2019-05-15 14:48:48,679 INFO  [9] - --End conversation between: 1011 and 1010
 Duration: 0:0:24
2019-05-15 14:49:04,210 DEBUG [9] - -- Agent State :agentReady
2019-05-15 14:49:04,210 INFO  [9] - Agent State : Avaiable
2019-05-15 14:49:04,210 DEBUG [9] - -- Reason: 0
2019-05-15 14:49:04,210 DEBUG [9] - -- Pending: 0
2019-05-15 14:49:08,138 INFO  [9] - Server Disconnected
2019-05-15 14:49:08,145 INFO  [9] - Exited AgentLoginApplication
2019-05-15 15:21:51,233 INFO  [9] - Initialized Voice Handling Application
2019-05-15 15:21:52,664 INFO  [9] - Socket Connected
2019-05-15 15:21:52,667 INFO  [9] - Stream Connected
2019-05-15 15:21:52,776 DEBUG [9] - -- Agent State :agentNull
2019-05-15 15:21:53,179 INFO  [9] - Agent State : Aux
2019-05-15 15:21:53,179 DEBUG [9] - Code: 0
2019-05-15 15:21:53,180 DEBUG [9] - -- Agent State :agentNotReady
2019-05-15 15:21:53,180 INFO  [9] - Agent State : Aux
2019-05-15 15:21:53,180 DEBUG [9] - -- Reason: 0
2019-05-15 15:21:53,180 DEBUG [9] - -- Pending: 0
2019-05-15 15:21:57,624 DEBUG [9] - -- Agent State :agentReady
2019-05-15 15:21:57,624 INFO  [9] - Agent State : Avaiable
2019-05-15 15:21:57,624 DEBUG [9] - -- Reason: 0
2019-05-15 15:21:57,624 DEBUG [9] - -- Pending: 0
2019-05-15 15:21:57,669 DEBUG [9] - -- Agent State :agentReady
2019-05-15 15:21:57,669 INFO  [9] - Agent State : Avaiable
2019-05-15 15:21:57,669 DEBUG [9] - -- Reason: 0
2019-05-15 15:21:57,669 DEBUG [9] - -- Pending: 0
2019-05-15 15:22:16,165 INFO  [9] - --Call Recieved from: 1010 to 1011
2019-05-15 15:22:25,738 INFO  [9] - --Having conversation between: 1010 and 1011
2019-05-15 15:26:55,583 INFO  [9] - Server Disconnected
2019-05-15 15:26:55,594 INFO  [9] - Exited AgentLoginApplication
2019-05-15 15:27:05,858 INFO  [9] - Exited Voice Handling Application.
2019-05-15 15:32:00,471 INFO  [9] - Initialized Voice Handling Application
2019-05-15 15:32:01,960 INFO  [9] - Socket Connected
2019-05-15 15:32:01,965 INFO  [9] - Stream Connected
2019-05-15 15:32:02,089 DEBUG [9] - -- Agent State :agentNull
2019-05-15 15:32:02,244 INFO  [9] - Agent State : Aux
2019-05-15 15:32:02,244 DEBUG [9] - Code: 0
2019-05-15 15:32:02,245 DEBUG [9] - -- Agent State :agentNotReady
2019-05-15 15:32:02,245 INFO  [9] - Agent State : Aux
2019-05-15 15:32:02,245 DEBUG [9] - -- Reason: 0
2019-05-15 15:32:02,245 DEBUG [9] - -- Pending: 0
2019-05-15 15:32:02,806 DEBUG [9] - -- Agent State :agentReady
2019-05-15 15:32:02,806 INFO  [9] - Agent State : Avaiable
2019-05-15 15:32:02,806 DEBUG [9] - -- Reason: 0
2019-05-15 15:32:02,806 DEBUG [9] - -- Pending: 0
2019-05-15 15:32:02,851 DEBUG [9] - -- Agent State :agentReady
2019-05-15 15:32:02,851 INFO  [9] - Agent State : Avaiable
2019-05-15 15:32:02,851 DEBUG [9] - -- Reason: 0
2019-05-15 15:32:02,851 DEBUG [9] - -- Pending: 0
2019-05-15 15:32:24,148 INFO  [9] - --Is connecting with: 
2019-05-15 15:32:27,720 INFO  [9] - --Is connecting with: 1010
2019-05-15 15:32:28,995 INFO  [9] - --Is connecting with: 1010
2019-05-15 15:32:30,212 INFO  [9] - --Having conversation between: 1011 and 1010
2019-05-15 15:33:46,670 INFO  [9] - --End conversation between: 1011 and 1010
 Duration: 0:0:13
2019-05-15 15:33:46,781 DEBUG [9] - -- Agent State :agentReady
2019-05-15 15:33:46,781 INFO  [9] - Agent State : Avaiable
2019-05-15 15:33:46,781 DEBUG [9] - -- Reason: 0
2019-05-15 15:33:46,781 DEBUG [9] - -- Pending: 0
2019-05-15 15:33:50,315 INFO  [9] - Server Disconnected
2019-05-15 15:33:50,322 INFO  [9] - Exited AgentLoginApplication
2019-05-15 15:33:52,107 INFO  [9] - Exited Voice Handling Application.
2019-05-15 15:34:02,128 INFO  [10] - Initialized Voice Handling Application
2019-05-15 15:34:03,606 INFO  [10] - Socket Connected
2019-05-15 15:34:03,609 INFO  [10] - Stream Connected
2019-05-15 15:34:03,741 DEBUG [10] - -- Agent State :agentNull
2019-05-15 15:34:04,096 INFO  [10] - Agent State : Aux
2019-05-15 15:34:04,096 DEBUG [10] - Code: 0
2019-05-15 15:34:04,096 DEBUG [10] - -- Agent State :agentNotReady
2019-05-15 15:34:04,096 INFO  [10] - Agent State : Aux
2019-05-15 15:34:04,097 DEBUG [10] - -- Reason: 0
2019-05-15 15:34:04,097 DEBUG [10] - -- Pending: 0
2019-05-15 15:34:05,683 DEBUG [10] - -- Agent State :agentReady
2019-05-15 15:34:05,683 INFO  [10] - Agent State : Avaiable
2019-05-15 15:34:05,683 DEBUG [10] - -- Reason: 0
2019-05-15 15:34:05,683 DEBUG [10] - -- Pending: 0
2019-05-15 15:34:05,727 DEBUG [10] - -- Agent State :agentReady
2019-05-15 15:34:05,727 INFO  [10] - Agent State : Avaiable
2019-05-15 15:34:05,727 DEBUG [10] - -- Reason: 0
2019-05-15 15:34:05,727 DEBUG [10] - -- Pending: 0
2019-05-15 15:35:14,887 INFO  [10] - --Is connecting with: 
2019-05-15 15:35:16,843 INFO  [10] - --Is connecting with: 1010
2019-05-15 15:35:18,053 INFO  [10] - --Is connecting with: 1010
2019-05-15 15:36:06,967 INFO  [10] - --End conversation between: 1011 and 1010
 Duration: 
2019-05-15 15:36:07,107 DEBUG [10] - -- Agent State :agentReady
2019-05-15 15:36:07,107 INFO  [10] - Agent State : Avaiable
2019-05-15 15:36:07,107 DEBUG [10] - -- Reason: 0
2019-05-15 15:36:07,107 DEBUG [10] - -- Pending: 0
2019-05-15 15:36:09,210 INFO  [10] - Exited Voice Handling Application.
2019-05-15 15:36:09,212 INFO  [10] - Server Disconnected
2019-05-15 15:36:09,212 INFO  [10] - Exited AgentLoginApplication
2019-05-15 15:36:28,683 INFO  [10] - Initialized Voice Handling Application
2019-05-15 15:36:29,638 INFO  [10] - Socket Connected
2019-05-15 15:36:29,641 INFO  [10] - Stream Connected
2019-05-15 15:36:29,778 DEBUG [10] - -- Agent State :agentNull
2019-05-15 15:36:29,825 INFO  [10] - Agent State : Aux
2019-05-15 15:36:29,826 DEBUG [10] - Code: 0
2019-05-15 15:36:29,826 DEBUG [10] - -- Agent State :agentNotReady
2019-05-15 15:36:29,826 INFO  [10] - Agent State : Aux
2019-05-15 15:36:29,826 DEBUG [10] - -- Reason: 0
2019-05-15 15:36:29,826 DEBUG [10] - -- Pending: 0
2019-05-15 15:36:30,650 DEBUG [10] - -- Agent State :agentReady
2019-05-15 15:36:30,650 INFO  [10] - Agent State : Avaiable
2019-05-15 15:36:30,650 DEBUG [10] - -- Reason: 0
2019-05-15 15:36:30,650 DEBUG [10] - -- Pending: 0
2019-05-15 15:36:30,693 DEBUG [10] - -- Agent State :agentReady
2019-05-15 15:36:30,693 INFO  [10] - Agent State : Avaiable
2019-05-15 15:36:30,693 DEBUG [10] - -- Reason: 0
2019-05-15 15:36:30,693 DEBUG [10] - -- Pending: 0
2019-05-15 15:37:07,799 INFO  [10] - --Call Recieved from: 1010 to 1011
2019-05-15 15:37:31,151 INFO  [10] - --Having conversation between: 1010 and 1011
2019-05-15 15:38:38,974 INFO  [10] - --Hold conversation between: 1010 and 1011
2019-05-15 15:39:54,633 INFO  [10] - --End hold between: 1010 and 1011 Duration: 0:1:2
2019-05-15 15:40:05,294 INFO  [10] - --Having conversation between: 1010 and 1011
2019-05-15 15:40:51,375 INFO  [10] - --End conversation between: 1010 and 1011
 Duration: 0:1:43
2019-05-15 15:40:55,587 DEBUG [10] - -- Agent State :agentReady
2019-05-15 15:40:56,456 INFO  [10] - Agent State : Avaiable
2019-05-15 15:40:56,456 DEBUG [10] - -- Reason: 0
2019-05-15 15:40:56,456 DEBUG [10] - -- Pending: 0
2019-05-15 15:41:52,603 INFO  [10] - Exited Voice Handling Application.
2019-05-15 15:41:52,605 INFO  [10] - Server Disconnected
2019-05-15 15:41:52,606 INFO  [10] - Exited AgentLoginApplication
2019-05-15 15:42:50,974 INFO  [9] - Initialized Voice Handling Application
2019-05-15 15:42:52,031 INFO  [9] - Socket Connected
2019-05-15 15:42:52,034 INFO  [9] - Stream Connected
2019-05-15 15:42:52,156 DEBUG [9] - -- Agent State :agentNull
2019-05-15 15:42:52,205 INFO  [9] - Agent State : Aux
2019-05-15 15:42:52,205 DEBUG [9] - Code: 0
2019-05-15 15:42:52,206 DEBUG [9] - -- Agent State :agentNotReady
2019-05-15 15:42:52,206 INFO  [9] - Agent State : Aux
2019-05-15 15:42:52,207 DEBUG [9] - -- Reason: 0
2019-05-15 15:42:52,207 DEBUG [9] - -- Pending: 0
2019-05-15 15:42:55,932 DEBUG [9] - -- Agent State :agentReady
2019-05-15 15:42:55,932 INFO  [9] - Agent State : Avaiable
2019-05-15 15:42:55,932 DEBUG [9] - -- Reason: 0
2019-05-15 15:42:55,932 DEBUG [9] - -- Pending: 0
2019-05-15 15:42:55,979 DEBUG [9] - -- Agent State :agentReady
2019-05-15 15:42:55,979 INFO  [9] - Agent State : Avaiable
2019-05-15 15:42:55,979 DEBUG [9] - -- Reason: 0
2019-05-15 15:42:55,980 DEBUG [9] - -- Pending: 0
2019-05-15 15:43:12,340 INFO  [9] - --Call Recieved from: 1010 to 1011
2019-05-15 15:43:37,887 INFO  [9] - --Having conversation between: 1010 and 1011
2019-05-15 15:44:26,489 INFO  [9] - --Hold conversation between: 1010 and 1011
2019-05-15 15:44:42,221 INFO  [9] - --End hold between: 1010 and 1011 Duration: 0:0:9
2019-05-15 15:44:47,986 INFO  [9] - --Having conversation between: 1010 and 1011
2019-05-15 15:45:16,865 INFO  [9] - --Hold conversation between: 1010 and 1011
2019-05-15 15:45:22,591 INFO  [9] - --End conversation between: 1010 and 1011
 Duration: 0:0:45
2019-05-15 15:45:22,683 DEBUG [9] - -- Agent State :agentReady
2019-05-15 15:45:22,683 INFO  [9] - Agent State : Avaiable
2019-05-15 15:45:22,683 DEBUG [9] - -- Reason: 0
2019-05-15 15:45:22,683 DEBUG [9] - -- Pending: 0
2019-05-15 15:45:28,861 INFO  [9] - Server Disconnected
2019-05-15 15:45:28,868 INFO  [9] - Exited AgentLoginApplication
2019-05-15 15:45:29,818 INFO  [9] - Exited Voice Handling Application.
2019-05-15 15:51:17,630 INFO  [9] - Initialized Voice Handling Application
2019-05-15 15:51:18,630 INFO  [9] - Socket Connected
2019-05-15 15:51:18,635 INFO  [9] - Stream Connected
2019-05-15 15:51:18,765 DEBUG [9] - -- Agent State :agentNull
2019-05-15 15:51:18,918 INFO  [9] - Agent State : Aux
2019-05-15 15:51:18,918 DEBUG [9] - Code: 0
2019-05-15 15:51:18,918 DEBUG [9] - -- Agent State :agentNotReady
2019-05-15 15:51:18,918 INFO  [9] - Agent State : Aux
2019-05-15 15:51:18,918 DEBUG [9] - -- Reason: 0
2019-05-15 15:51:18,918 DEBUG [9] - -- Pending: 0
2019-05-15 15:51:19,942 DEBUG [9] - -- Agent State :agentReady
2019-05-15 15:51:19,942 INFO  [9] - Agent State : Avaiable
2019-05-15 15:51:19,942 DEBUG [9] - -- Reason: 0
2019-05-15 15:51:19,942 DEBUG [9] - -- Pending: 0
2019-05-15 15:51:19,989 DEBUG [9] - -- Agent State :agentReady
2019-05-15 15:51:19,989 INFO  [9] - Agent State : Avaiable
2019-05-15 15:51:19,989 DEBUG [9] - -- Reason: 0
2019-05-15 15:51:19,989 DEBUG [9] - -- Pending: 0
2019-05-15 15:51:57,821 INFO  [9] - --Is connecting with: 
2019-05-15 15:52:06,307 INFO  [9] - --Is connecting with: 1011
2019-05-15 15:52:27,568 INFO  [9] - --End conversation between: 1011 and 1011
 Duration: 
2019-05-15 15:52:27,670 DEBUG [9] - -- Agent State :agentReady
2019-05-15 15:52:27,670 INFO  [9] - Agent State : Avaiable
2019-05-15 15:52:27,670 DEBUG [9] - -- Reason: 0
2019-05-15 15:52:27,670 DEBUG [9] - -- Pending: 0
2019-05-15 15:52:48,392 INFO  [9] - --Is connecting with: 
2019-05-15 15:52:56,931 INFO  [9] - --Is connecting with: 1010
2019-05-15 15:52:58,417 INFO  [9] - --Is connecting with: 1010
2019-05-15 15:53:09,153 INFO  [9] - --Having conversation between: 1011 and 1010
2019-05-15 15:53:37,655 INFO  [9] - --Hold conversation between: 1011 and 1010
2019-05-15 15:53:59,780 INFO  [9] - --End hold between: 1011 and 1010 Duration: 0:0:17
2019-05-15 15:54:02,495 INFO  [9] - --Having conversation between: 1011 and 1010
2019-05-15 15:54:22,949 INFO  [9] - --End conversation between: 1011 and 1010
 Duration: 0:0:21
2019-05-15 15:54:26,009 DEBUG [9] - -- Agent State :agentReady
2019-05-15 15:54:26,010 INFO  [9] - Agent State : Avaiable
2019-05-15 15:54:26,010 DEBUG [9] - -- Reason: 0
2019-05-15 15:54:26,010 DEBUG [9] - -- Pending: 0
2019-05-15 15:54:58,450 INFO  [9] - Server Disconnected
2019-05-15 15:54:58,460 INFO  [9] - Exited AgentLoginApplication
2019-05-15 15:55:00,036 INFO  [9] - Exited Voice Handling Application.
2019-05-15 16:02:49,116 INFO  [10] - Initialized Voice Handling Application
2019-05-15 16:02:50,192 INFO  [10] - Socket Connected
2019-05-15 16:02:50,201 INFO  [10] - Stream Connected
2019-05-15 16:02:50,295 DEBUG [10] - -- Agent State :agentNull
2019-05-15 16:02:50,495 INFO  [10] - Agent State : Aux
2019-05-15 16:02:50,495 DEBUG [10] - Code: 0
2019-05-15 16:02:50,496 DEBUG [10] - -- Agent State :agentNotReady
2019-05-15 16:02:50,496 INFO  [10] - Agent State : Aux
2019-05-15 16:02:50,496 DEBUG [10] - -- Reason: 0
2019-05-15 16:02:50,496 DEBUG [10] - -- Pending: 0
2019-05-15 16:02:51,876 DEBUG [10] - -- Agent State :agentReady
2019-05-15 16:02:51,876 INFO  [10] - Agent State : Avaiable
2019-05-15 16:02:51,876 DEBUG [10] - -- Reason: 0
2019-05-15 16:02:51,876 DEBUG [10] - -- Pending: 0
2019-05-15 16:02:51,919 DEBUG [10] - -- Agent State :agentReady
2019-05-15 16:02:51,919 INFO  [10] - Agent State : Avaiable
2019-05-15 16:02:51,919 DEBUG [10] - -- Reason: 0
2019-05-15 16:02:51,919 DEBUG [10] - -- Pending: 0
2019-05-15 16:03:08,206 INFO  [10] - --Call Recieved from: 1010 to 1011
2019-05-15 16:03:18,665 INFO  [10] - --Having conversation between: 1010 and 1011
2019-05-15 16:03:55,154 INFO  [10] - --Having conversation between: 1010 and 1011
2019-05-15 16:03:55,189 INFO  [10] - --End conversation between: 1010 and 1011
 Duration: 0:0:36
2019-05-15 16:03:55,302 DEBUG [10] - -- Agent State :agentReady
2019-05-15 16:03:55,302 INFO  [10] - Agent State : Avaiable
2019-05-15 16:03:55,302 DEBUG [10] - -- Reason: 0
2019-05-15 16:03:55,302 DEBUG [10] - -- Pending: 0
2019-05-15 16:04:05,512 INFO  [10] - Exited Voice Handling Application.
2019-05-15 16:04:05,515 INFO  [10] - Server Disconnected
2019-05-15 16:04:05,515 INFO  [10] - Exited AgentLoginApplication
